<?xml version="1.0" encoding="UTF-8"?>
<!-- Generated by org.testng.reporters.JUnitXMLReporter -->
<testsuite hostname="LAPTOP-BM1NALCO" ignored="2" name="SmokeTest" tests="2" failures="1" timestamp="09 Sep 2020 07:18:03 GMT" time="49.202" errors="0">
  <testcase name="verifyLoginWithValidCredentials" time="9.024" classname="com.orangehrm.tests.LoginTest"/>
  <testcase name="verifyAddEmployee" time="24.924" classname="com.orangehrm.tests.AddEmployeeTest">
    <failure type="java.lang.AssertionError" message="Verify employee record in Web Table expected [0053] but found [null]">
      <![CDATA[java.lang.AssertionError: Verify employee record in Web Table expected [0053] but found [null]
at com.orangehrm.tests.AddEmployeeTest.verifyAddEmployee(AddEmployeeTest.java:36)
... Removed 34 stack frames]]>
    </failure>
  </testcase> <!-- verifyAddEmployee -->
  <testcase name="@AfterSuite tearDown" time="0.0" classname="com.orangehrm.tests.BaseTest">
    <ignored/>
  </testcase> <!-- @AfterSuite tearDown -->
  <testcase name="@BeforeSuite intialize" time="0.0" classname="com.orangehrm.tests.BaseTest">
    <ignored/>
  </testcase> <!-- @BeforeSuite intialize -->
</testsuite> <!-- SmokeTest -->
