<?xml version="1.0" encoding="UTF-8"?>
<testng-results skipped="0" failed="0" ignored="0" total="1" passed="1">
  <reporter-output>
  </reporter-output>
  <suite name="Suite" duration-ms="20320" started-at="2020-07-30T14:19:09Z" finished-at="2020-07-30T14:19:29Z">
    <groups>
    </groups>
    <test name="OrangeHrmInterviewTest" duration-ms="20320" started-at="2020-07-30T14:19:09Z" finished-at="2020-07-30T14:19:29Z">
      <class name="com.orangehrm.tests.LoginTest">
        <test-method status="PASS" signature="intialize()[pri:0, instance:com.orangehrm.tests.LoginTest@13c78c0b]" name="intialize" is-config="true" duration-ms="888" started-at="2020-07-30T14:19:08Z" finished-at="2020-07-30T14:19:09Z">
          <reporter-output>
          </reporter-output>
        </test-method> <!-- intialize -->
        <test-method status="PASS" signature="openBrowser(java.lang.reflect.Method)[pri:0, instance:com.orangehrm.tests.LoginTest@13c78c0b]" name="openBrowser" is-config="true" duration-ms="4322" started-at="2020-07-30T14:19:09Z" finished-at="2020-07-30T14:19:13Z">
          <params>
            <param index="0">
              <value>
                <![CDATA[public void com.orangehrm.tests.LoginTest.verifyLoginWithValidCredentials() throws java.lang.InterruptedException]]>
              </value>
            </param>
          </params>
          <reporter-output>
          </reporter-output>
        </test-method> <!-- openBrowser -->
        <test-method status="PASS" signature="openApplication()[pri:0, instance:com.orangehrm.tests.LoginTest@13c78c0b]" name="openApplication" is-config="true" duration-ms="283" started-at="2020-07-30T14:19:13Z" depends-on-methods="com.orangehrm.tests.BaseTest.openBrowser" finished-at="2020-07-30T14:19:13Z">
          <reporter-output>
          </reporter-output>
        </test-method> <!-- openApplication -->
        <test-method status="PASS" signature="verifyLoginWithValidCredentials()[pri:0, instance:com.orangehrm.tests.LoginTest@13c78c0b]" name="verifyLoginWithValidCredentials" duration-ms="15697" started-at="2020-07-30T14:19:13Z" finished-at="2020-07-30T14:19:29Z">
          <reporter-output>
          </reporter-output>
        </test-method> <!-- verifyLoginWithValidCredentials -->
        <test-method status="PASS" signature="tearDown()[pri:0, instance:com.orangehrm.tests.LoginTest@13c78c0b]" name="tearDown" is-config="true" duration-ms="323" started-at="2020-07-30T14:19:29Z" finished-at="2020-07-30T14:19:29Z">
          <reporter-output>
          </reporter-output>
        </test-method> <!-- tearDown -->
      </class> <!-- com.orangehrm.tests.LoginTest -->
    </test> <!-- OrangeHrmInterviewTest -->
  </suite> <!-- Suite -->
</testng-results>
