<?xml version="1.0" encoding="UTF-8"?>
<testng-results skipped="0" failed="0" ignored="0" total="1" passed="1">
  <reporter-output>
  </reporter-output>
  <suite name="Default suite" duration-ms="10564" started-at="2020-09-13T06:34:35Z" finished-at="2020-09-13T06:34:45Z">
    <groups>
    </groups>
    <test name="Default test" duration-ms="10564" started-at="2020-09-13T06:34:35Z" finished-at="2020-09-13T06:34:45Z">
      <class name="com.orangehrm.tests.LoginTest">
        <test-method status="PASS" signature="intialize()[pri:0, instance:com.orangehrm.tests.LoginTest@239963d8]" name="intialize" is-config="true" duration-ms="215" started-at="2020-09-13T06:34:35Z" finished-at="2020-09-13T06:34:35Z">
          <reporter-output>
          </reporter-output>
        </test-method> <!-- intialize -->
        <test-method status="PASS" signature="openBrowser(java.lang.reflect.Method)[pri:0, instance:com.orangehrm.tests.LoginTest@239963d8]" name="openBrowser" is-config="true" duration-ms="6126" started-at="2020-09-13T06:34:35Z" finished-at="2020-09-13T06:34:42Z">
          <params>
            <param index="0">
              <value>
                <![CDATA[public void com.orangehrm.tests.LoginTest.verifyLoginWithValidCredentials(java.lang.String,java.lang.String) throws java.lang.InterruptedException]]>
              </value>
            </param>
          </params>
          <reporter-output>
          </reporter-output>
        </test-method> <!-- openBrowser -->
        <test-method status="PASS" signature="openApplication()[pri:0, instance:com.orangehrm.tests.LoginTest@239963d8]" name="openApplication" is-config="true" duration-ms="552" started-at="2020-09-13T06:34:42Z" depends-on-methods="com.orangehrm.tests.BaseTest.openBrowser" finished-at="2020-09-13T06:34:42Z">
          <reporter-output>
          </reporter-output>
        </test-method> <!-- openApplication -->
        <test-method status="PASS" signature="verifyLoginWithValidCredentials(java.lang.String, java.lang.String)[pri:0, instance:com.orangehrm.tests.LoginTest@239963d8]" name="verifyLoginWithValidCredentials" duration-ms="2504" started-at="2020-09-13T06:34:42Z" data-provider="LoginData" finished-at="2020-09-13T06:34:45Z">
          <params>
            <param index="0">
              <value>
                <![CDATA[admin]]>
              </value>
            </param>
            <param index="1">
              <value>
                <![CDATA[Livetech@123]]>
              </value>
            </param>
          </params>
          <reporter-output>
          </reporter-output>
        </test-method> <!-- verifyLoginWithValidCredentials -->
        <test-method status="PASS" signature="closeBrowser(org.testng.ITestResult)[pri:0, instance:com.orangehrm.tests.LoginTest@239963d8]" name="closeBrowser" is-config="true" duration-ms="678" started-at="2020-09-13T06:34:45Z" finished-at="2020-09-13T06:34:45Z">
          <params>
            <param index="0">
              <value>
                <![CDATA[[TestResult name=verifyLoginWithValidCredentials status=SUCCESS method=LoginTest.verifyLoginWithValidCredentials(java.lang.String, java.lang.String)[pri:0, instance:com.orangehrm.tests.LoginTest@239963d8] output={null}]]]>
              </value>
            </param>
          </params>
          <reporter-output>
          </reporter-output>
        </test-method> <!-- closeBrowser -->
        <test-method status="PASS" signature="tearDown()[pri:0, instance:com.orangehrm.tests.LoginTest@239963d8]" name="tearDown" is-config="true" duration-ms="282" started-at="2020-09-13T06:34:45Z" finished-at="2020-09-13T06:34:46Z">
          <reporter-output>
          </reporter-output>
        </test-method> <!-- tearDown -->
      </class> <!-- com.orangehrm.tests.LoginTest -->
    </test> <!-- Default test -->
  </suite> <!-- Default suite -->
</testng-results>
