<?xml version="1.0" encoding="UTF-8"?>
<!-- Generated by org.testng.reporters.JUnitXMLReporter -->
<testsuite hostname="LAPTOP-BM1NALCO" ignored="0" name="testParallel" tests="2" failures="0" timestamp="11 Aug 2020 06:02:45 GMT" time="7.139" errors="0">
  <testcase name="executeInChrome" time="5.017" classname="com.orangehrm.tests.ParallelTestExecutionExample"/>
  <testcase name="executeInFireFox" time="7.098" classname="com.orangehrm.tests.ParallelTestExecutionExample"/>
</testsuite> <!-- testParallel -->
